# JRE version: OpenJDK Runtime Environment (21.0.2+13) (build 21.0.2+13-58)
# Java VM: OpenJDK 64-Bit Server VM (21.0.2+13-58, mixed mode, sharing, tiered, compressed oops, compressed class ptrs, g1 gc, bsd-aarch64)
Heap:
 garbage-first heap   total 89088K, used 54690K [0x0000000780000000, 0x0000000800000000)
  region size 1024K, 16 young (16384K), 1 survivors (1024K)
 Metaspace       used 37573K, committed 38016K, reserved 1114112K
  class space    used 4676K, committed 4864K, reserved 1048576K
GC Heap History (12 events):
Event: 0.447 GC heap before
{Heap before GC invocations=0 (full 0):
 garbage-first heap   total 133120K, used 25612K [0x0000000780000000, 0x0000000800000000)
  region size 1024K, 23 young (23552K), 0 survivors (0K)
 Metaspace       used 5510K, committed 5696K, reserved 1114112K
  class space    used 493K, committed 576K, reserved 1048576K
}
Event: 0.450 GC heap after
{Heap after GC invocations=1 (full 0):
 garbage-first heap   total 133120K, used 5175K [0x0000000780000000, 0x0000000800000000)
  region size 1024K, 3 young (3072K), 3 survivors (3072K)
 Metaspace       used 5510K, committed 5696K, reserved 1114112K
  class space    used 493K, committed 576K, reserved 1048576K
}
Event: 1.222 GC heap before
{Heap before GC invocations=1 (full 0):
 garbage-first heap   total 133120K, used 47159K [0x0000000780000000, 0x0000000800000000)
  region size 1024K, 45 young (46080K), 3 survivors (3072K)
 Metaspace       used 14978K, committed 15296K, reserved 1114112K
  class space    used 2097K, committed 2240K, reserved 1048576K
}
Event: 1.226 GC heap after
{Heap after GC invocations=2 (full 0):
 garbage-first heap   total 133120K, used 9690K [0x0000000780000000, 0x0000000800000000)
  region size 1024K, 6 young (6144K), 6 survivors (6144K)
 Metaspace       used 14978K, committed 15296K, reserved 1114112K
  class space    used 2097K, committed 2240K, reserved 1048576K
}
Event: 1.454 GC heap before
{Heap before GC invocations=2 (full 0):
 garbage-first heap   total 133120K, used 50650K [0x0000000780000000, 0x0000000800000000)
  region size 1024K, 32 young (32768K), 6 survivors (6144K)
 Metaspace       used 21131K, committed 21568K, reserved 1114112K
  class space    used 2840K, committed 3008K, reserved 1048576K
}
Event: 1.459 GC heap after
{Heap after GC invocations=3 (full 0):
 garbage-first heap   total 133120K, used 28160K [0x0000000780000000, 0x0000000800000000)
  region size 1024K, 8 young (8192K), 8 survivors (8192K)
 Metaspace       used 21131K, committed 21568K, reserved 1114112K
  class space    used 2840K, committed 3008K, reserved 1048576K
}
Event: 26.677 GC heap before
{Heap before GC invocations=4 (full 0):
 garbage-first heap   total 109568K, used 82432K [0x0000000780000000, 0x0000000800000000)
  region size 1024K, 43 young (44032K), 8 survivors (8192K)
 Metaspace       used 35508K, committed 35968K, reserved 1114112K
  class space    used 4375K, committed 4608K, reserved 1048576K
}
Event: 26.683 GC heap after
{Heap after GC invocations=5 (full 0):
 garbage-first heap   total 109568K, used 23779K [0x0000000780000000, 0x0000000800000000)
  region size 1024K, 8 young (8192K), 8 survivors (8192K)
 Metaspace       used 35508K, committed 35968K, reserved 1114112K
  class space    used 4375K, committed 4608K, reserved 1048576K
}
Event: 37.480 GC heap before
{Heap before GC invocations=5 (full 0):
 garbage-first heap   total 109568K, used 31971K [0x0000000780000000, 0x0000000800000000)
  region size 1024K, 17 young (17408K), 8 survivors (8192K)
 Metaspace       used 35921K, committed 36288K, reserved 1114112K
  class space    used 4423K, committed 4608K, reserved 1048576K
}
Event: 37.484 GC heap after
{Heap after GC invocations=6 (full 0):
 garbage-first heap   total 109568K, used 24560K [0x0000000780000000, 0x0000000800000000)
  region size 1024K, 1 young (1024K), 1 survivors (1024K)
 Metaspace       used 35921K, committed 36288K, reserved 1114112K
  class space    used 4423K, committed 4608K, reserved 1048576K
}
Event: 37.497 GC heap before
{Heap before GC invocations=6 (full 0):
 garbage-first heap   total 109568K, used 25584K [0x0000000780000000, 0x0000000800000000)
  region size 1024K, 3 young (3072K), 1 survivors (1024K)
 Metaspace       used 36189K, committed 36608K, reserved 1114112K
  class space    used 4491K, committed 4736K, reserved 1048576K
}
Event: 37.498 GC heap after
{Heap after GC invocations=7 (full 0):
 garbage-first heap   total 109568K, used 23819K [0x0000000780000000, 0x0000000800000000)
  region size 1024K, 1 young (1024K), 1 survivors (1024K)
 Metaspace       used 36189K, committed 36608K, reserved 1114112K
  class space    used 4491K, committed 4736K, reserved 1048576K
}

