# JRE version: OpenJDK Runtime Environment Zulu21.32+17-CA (21.0.2+13) (build 21.0.2+13-LTS)
# Java VM: OpenJDK 64-Bit Server VM Zulu21.32+17-CA (21.0.2+13-LTS, mixed mode, sharing, tiered, compressed oops, compressed class ptrs, g1 gc, bsd-aarch64)
Heap:
 garbage-first heap   total 110592K, used 96186K [0x0000000780000000, 0x0000000800000000)
  region size 1024K, 52 young (53248K), 2 survivors (2048K)
 Metaspace       used 38774K, committed 39232K, reserved 1114112K
  class space    used 4740K, committed 4928K, reserved 1048576K
GC Heap History (20 events):
Event: 65.445 GC heap before
{Heap before GC invocations=18 (full 0):
 garbage-first heap   total 110592K, used 101776K [0x0000000780000000, 0x0000000800000000)
  region size 1024K, 61 young (62464K), 2 survivors (2048K)
 Metaspace       used 35889K, committed 36288K, reserved 1114112K
  class space    used 4403K, committed 4608K, reserved 1048576K
}
Event: 65.448 GC heap after
{Heap after GC invocations=19 (full 0):
 garbage-first heap   total 110592K, used 41440K [0x0000000780000000, 0x0000000800000000)
  region size 1024K, 2 young (2048K), 2 survivors (2048K)
 Metaspace       used 35889K, committed 36288K, reserved 1114112K
  class space    used 4403K, committed 4608K, reserved 1048576K
}
Event: 73.605 GC heap before
{Heap before GC invocations=19 (full 0):
 garbage-first heap   total 110592K, used 101856K [0x0000000780000000, 0x0000000800000000)
  region size 1024K, 61 young (62464K), 2 survivors (2048K)
 Metaspace       used 35889K, committed 36288K, reserved 1114112K
  class space    used 4403K, committed 4608K, reserved 1048576K
}
Event: 73.611 GC heap after
{Heap after GC invocations=20 (full 0):
 garbage-first heap   total 110592K, used 41433K [0x0000000780000000, 0x0000000800000000)
  region size 1024K, 2 young (2048K), 2 survivors (2048K)
 Metaspace       used 35889K, committed 36288K, reserved 1114112K
  class space    used 4403K, committed 4608K, reserved 1048576K
}
Event: 81.285 GC heap before
{Heap before GC invocations=20 (full 0):
 garbage-first heap   total 110592K, used 101849K [0x0000000780000000, 0x0000000800000000)
  region size 1024K, 61 young (62464K), 2 survivors (2048K)
 Metaspace       used 35889K, committed 36288K, reserved 1114112K
  class space    used 4403K, committed 4608K, reserved 1048576K
}
Event: 81.289 GC heap after
{Heap after GC invocations=21 (full 0):
 garbage-first heap   total 110592K, used 41506K [0x0000000780000000, 0x0000000800000000)
  region size 1024K, 2 young (2048K), 2 survivors (2048K)
 Metaspace       used 35889K, committed 36288K, reserved 1114112K
  class space    used 4403K, committed 4608K, reserved 1048576K
}
Event: 87.279 GC heap before
{Heap before GC invocations=21 (full 0):
 garbage-first heap   total 110592K, used 101922K [0x0000000780000000, 0x0000000800000000)
  region size 1024K, 61 young (62464K), 2 survivors (2048K)
 Metaspace       used 35914K, committed 36352K, reserved 1114112K
  class space    used 4405K, committed 4608K, reserved 1048576K
}
Event: 87.284 GC heap after
{Heap after GC invocations=22 (full 0):
 garbage-first heap   total 110592K, used 41386K [0x0000000780000000, 0x0000000800000000)
  region size 1024K, 2 young (2048K), 2 survivors (2048K)
 Metaspace       used 35914K, committed 36352K, reserved 1114112K
  class space    used 4405K, committed 4608K, reserved 1048576K
}
Event: 94.356 GC heap before
{Heap before GC invocations=22 (full 0):
 garbage-first heap   total 110592K, used 101802K [0x0000000780000000, 0x0000000800000000)
  region size 1024K, 61 young (62464K), 2 survivors (2048K)
 Metaspace       used 35919K, committed 36352K, reserved 1114112K
  class space    used 4405K, committed 4608K, reserved 1048576K
}
Event: 94.360 GC heap after
{Heap after GC invocations=23 (full 0):
 garbage-first heap   total 110592K, used 41374K [0x0000000780000000, 0x0000000800000000)
  region size 1024K, 2 young (2048K), 2 survivors (2048K)
 Metaspace       used 35919K, committed 36352K, reserved 1114112K
  class space    used 4405K, committed 4608K, reserved 1048576K
}
Event: 100.559 GC heap before
{Heap before GC invocations=23 (full 0):
 garbage-first heap   total 110592K, used 101790K [0x0000000780000000, 0x0000000800000000)
  region size 1024K, 61 young (62464K), 2 survivors (2048K)
 Metaspace       used 35921K, committed 36352K, reserved 1114112K
  class space    used 4405K, committed 4608K, reserved 1048576K
}
Event: 100.563 GC heap after
{Heap after GC invocations=24 (full 0):
 garbage-first heap   total 110592K, used 41432K [0x0000000780000000, 0x0000000800000000)
  region size 1024K, 2 young (2048K), 2 survivors (2048K)
 Metaspace       used 35921K, committed 36352K, reserved 1114112K
  class space    used 4405K, committed 4608K, reserved 1048576K
}
Event: 107.557 GC heap before
{Heap before GC invocations=24 (full 0):
 garbage-first heap   total 110592K, used 101848K [0x0000000780000000, 0x0000000800000000)
  region size 1024K, 61 young (62464K), 2 survivors (2048K)
 Metaspace       used 35925K, committed 36352K, reserved 1114112K
  class space    used 4405K, committed 4608K, reserved 1048576K
}
Event: 107.560 GC heap after
{Heap after GC invocations=25 (full 0):
 garbage-first heap   total 110592K, used 41415K [0x0000000780000000, 0x0000000800000000)
  region size 1024K, 2 young (2048K), 2 survivors (2048K)
 Metaspace       used 35925K, committed 36352K, reserved 1114112K
  class space    used 4405K, committed 4608K, reserved 1048576K
}
Event: 114.244 GC heap before
{Heap before GC invocations=25 (full 0):
 garbage-first heap   total 110592K, used 104903K [0x0000000780000000, 0x0000000800000000)
  region size 1024K, 61 young (62464K), 2 survivors (2048K)
 Metaspace       used 38222K, committed 38720K, reserved 1114112K
  class space    used 4682K, committed 4928K, reserved 1048576K
}
Event: 114.249 GC heap after
{Heap after GC invocations=26 (full 0):
 garbage-first heap   total 110592K, used 45130K [0x0000000780000000, 0x0000000800000000)
  region size 1024K, 2 young (2048K), 2 survivors (2048K)
 Metaspace       used 38222K, committed 38720K, reserved 1114112K
  class space    used 4682K, committed 4928K, reserved 1048576K
}
Event: 121.957 GC heap before
{Heap before GC invocations=26 (full 0):
 garbage-first heap   total 110592K, used 100426K [0x0000000780000000, 0x0000000800000000)
  region size 1024K, 57 young (58368K), 2 survivors (2048K)
 Metaspace       used 38569K, committed 38976K, reserved 1114112K
  class space    used 4710K, committed 4928K, reserved 1048576K
}
Event: 121.960 GC heap after
{Heap after GC invocations=27 (full 0):
 garbage-first heap   total 110592K, used 45280K [0x0000000780000000, 0x0000000800000000)
  region size 1024K, 2 young (2048K), 2 survivors (2048K)
 Metaspace       used 38569K, committed 38976K, reserved 1114112K
  class space    used 4710K, committed 4928K, reserved 1048576K
}
Event: 130.565 GC heap before
{Heap before GC invocations=27 (full 0):
 garbage-first heap   total 110592K, used 101600K [0x0000000780000000, 0x0000000800000000)
  region size 1024K, 57 young (58368K), 2 survivors (2048K)
 Metaspace       used 38569K, committed 38976K, reserved 1114112K
  class space    used 4710K, committed 4928K, reserved 1048576K
}
Event: 130.569 GC heap after
{Heap after GC invocations=28 (full 0):
 garbage-first heap   total 110592K, used 45335K [0x0000000780000000, 0x0000000800000000)
  region size 1024K, 2 young (2048K), 2 survivors (2048K)
 Metaspace       used 38569K, committed 38976K, reserved 1114112K
  class space    used 4710K, committed 4928K, reserved 1048576K
}

