# JRE version: OpenJDK Runtime Environment Zulu21.32+17-CA (21.0.2+13) (build 21.0.2+13-LTS)
# Java VM: OpenJDK 64-Bit Server VM Zulu21.32+17-CA (21.0.2+13-LTS, mixed mode, sharing, tiered, compressed oops, compressed class ptrs, g1 gc, bsd-aarch64)
GC Precious Log:
 CardTable entry size: 512
 Card Set container configuration: InlinePtr #cards 5 size 8 Array Of Cards #cards 12 size 40 Howl #buckets 4 coarsen threshold 1843 Howl Bitmap #cards 512 size 80 coarsen threshold 460 Card regions per heap region 1 cards per card region 2048
 CPUs: 8 total, 8 available
 Memory: 8192M
 Large Page Support: Disabled
 NUMA Support: Disabled
 Compressed Oops: Enabled (Zero based)
 Heap Region Size: 1M
 Heap Min Capacity: 8M
 Heap Initial Capacity: 128M
 Heap Max Capacity: 2G
 Pre-touch: Disabled
 Parallel Workers: 8
 Concurrent Workers: 2
 Concurrent Refinement Workers: 8
 Periodic GC: Disabled
Heap:
 garbage-first heap   total 133120K, used 95505K [0x0000000780000000, 0x0000000800000000)
  region size 1024K, 43 young (44032K), 2 survivors (2048K)
 Metaspace       used 34088K, committed 34496K, reserved 1114112K
  class space    used 4342K, committed 4544K, reserved 1048576K
GC Heap History (20 events):
Event: 755.766 GC heap before
{Heap before GC invocations=45 (full 0):
 garbage-first heap   total 101376K, used 92073K [0x0000000780000000, 0x0000000800000000)
  region size 1024K, 46 young (47104K), 2 survivors (2048K)
 Metaspace       used 33606K, committed 33984K, reserved 1114112K
  class space    used 4305K, committed 4480K, reserved 1048576K
}
Event: 755.772 GC heap after
{Heap after GC invocations=46 (full 0):
 garbage-first heap   total 173056K, used 47901K [0x0000000780000000, 0x0000000800000000)
  region size 1024K, 2 young (2048K), 2 survivors (2048K)
 Metaspace       used 33606K, committed 33984K, reserved 1114112K
  class space    used 4305K, committed 4480K, reserved 1048576K
}
Event: 771.429 GC heap before
{Heap before GC invocations=46 (full 0):
 garbage-first heap   total 173056K, used 158493K [0x0000000780000000, 0x0000000800000000)
  region size 1024K, 101 young (103424K), 2 survivors (2048K)
 Metaspace       used 33622K, committed 33984K, reserved 1114112K
  class space    used 4305K, committed 4480K, reserved 1048576K
}
Event: 771.433 GC heap after
{Heap after GC invocations=47 (full 0):
 garbage-first heap   total 173056K, used 40986K [0x0000000780000000, 0x0000000800000000)
  region size 1024K, 2 young (2048K), 2 survivors (2048K)
 Metaspace       used 33622K, committed 33984K, reserved 1114112K
  class space    used 4305K, committed 4480K, reserved 1048576K
}
Event: 773.600 GC heap before
{Heap before GC invocations=47 (full 0):
 garbage-first heap   total 173056K, used 52250K [0x0000000780000000, 0x0000000800000000)
  region size 1024K, 14 young (14336K), 2 survivors (2048K)
 Metaspace       used 33629K, committed 33984K, reserved 1114112K
  class space    used 4305K, committed 4480K, reserved 1048576K
}
Event: 773.602 GC heap after
{Heap after GC invocations=48 (full 0):
 garbage-first heap   total 173056K, used 40955K [0x0000000780000000, 0x0000000800000000)
  region size 1024K, 2 young (2048K), 2 survivors (2048K)
 Metaspace       used 33629K, committed 33984K, reserved 1114112K
  class space    used 4305K, committed 4480K, reserved 1048576K
}
Event: 793.066 GC heap before
{Heap before GC invocations=49 (full 0):
 garbage-first heap   total 157696K, used 136187K [0x0000000780000000, 0x0000000800000000)
  region size 1024K, 92 young (94208K), 2 survivors (2048K)
 Metaspace       used 33682K, committed 34112K, reserved 1114112K
  class space    used 4306K, committed 4480K, reserved 1048576K
}
Event: 793.071 GC heap after
{Heap after GC invocations=50 (full 0):
 garbage-first heap   total 157696K, used 38091K [0x0000000780000000, 0x0000000800000000)
  region size 1024K, 2 young (2048K), 2 survivors (2048K)
 Metaspace       used 33682K, committed 34112K, reserved 1114112K
  class space    used 4306K, committed 4480K, reserved 1048576K
}
Event: 814.900 GC heap before
{Heap before GC invocations=50 (full 0):
 garbage-first heap   total 157696K, used 130251K [0x0000000780000000, 0x0000000800000000)
  region size 1024K, 92 young (94208K), 2 survivors (2048K)
 Metaspace       used 33691K, committed 34112K, reserved 1114112K
  class space    used 4306K, committed 4480K, reserved 1048576K
}
Event: 814.905 GC heap after
{Heap after GC invocations=51 (full 0):
 garbage-first heap   total 157696K, used 38022K [0x0000000780000000, 0x0000000800000000)
  region size 1024K, 2 young (2048K), 2 survivors (2048K)
 Metaspace       used 33691K, committed 34112K, reserved 1114112K
  class space    used 4306K, committed 4480K, reserved 1048576K
}
Event: 835.625 GC heap before
{Heap before GC invocations=51 (full 0):
 garbage-first heap   total 157696K, used 129158K [0x0000000780000000, 0x0000000800000000)
  region size 1024K, 92 young (94208K), 2 survivors (2048K)
 Metaspace       used 33702K, committed 34112K, reserved 1114112K
  class space    used 4307K, committed 4480K, reserved 1048576K
}
Event: 835.630 GC heap after
{Heap after GC invocations=52 (full 0):
 garbage-first heap   total 157696K, used 38240K [0x0000000780000000, 0x0000000800000000)
  region size 1024K, 2 young (2048K), 2 survivors (2048K)
 Metaspace       used 33702K, committed 34112K, reserved 1114112K
  class space    used 4307K, committed 4480K, reserved 1048576K
}
Event: 856.299 GC heap before
{Heap before GC invocations=53 (full 0):
 garbage-first heap   total 133120K, used 115040K [0x0000000780000000, 0x0000000800000000)
  region size 1024K, 78 young (79872K), 2 survivors (2048K)
 Metaspace       used 33708K, committed 34112K, reserved 1114112K
  class space    used 4307K, committed 4480K, reserved 1048576K
}
Event: 856.303 GC heap after
{Heap after GC invocations=54 (full 0):
 garbage-first heap   total 133120K, used 38226K [0x0000000780000000, 0x0000000800000000)
  region size 1024K, 2 young (2048K), 2 survivors (2048K)
 Metaspace       used 33708K, committed 34112K, reserved 1114112K
  class space    used 4307K, committed 4480K, reserved 1048576K
}
Event: 875.055 GC heap before
{Heap before GC invocations=54 (full 0):
 garbage-first heap   total 133120K, used 115026K [0x0000000780000000, 0x0000000800000000)
  region size 1024K, 78 young (79872K), 2 survivors (2048K)
 Metaspace       used 33712K, committed 34112K, reserved 1114112K
  class space    used 4307K, committed 4480K, reserved 1048576K
}
Event: 875.057 GC heap after
{Heap after GC invocations=55 (full 0):
 garbage-first heap   total 133120K, used 38165K [0x0000000780000000, 0x0000000800000000)
  region size 1024K, 2 young (2048K), 2 survivors (2048K)
 Metaspace       used 33712K, committed 34112K, reserved 1114112K
  class space    used 4307K, committed 4480K, reserved 1048576K
}
Event: 889.001 GC heap before
{Heap before GC invocations=55 (full 0):
 garbage-first heap   total 133120K, used 114965K [0x0000000780000000, 0x0000000800000000)
  region size 1024K, 78 young (79872K), 2 survivors (2048K)
 Metaspace       used 33954K, committed 34368K, reserved 1114112K
  class space    used 4334K, committed 4544K, reserved 1048576K
}
Event: 889.002 GC heap after
{Heap after GC invocations=56 (full 0):
 garbage-first heap   total 133120K, used 38653K [0x0000000780000000, 0x0000000800000000)
  region size 1024K, 3 young (3072K), 3 survivors (3072K)
 Metaspace       used 33954K, committed 34368K, reserved 1114112K
  class space    used 4334K, committed 4544K, reserved 1048576K
}
Event: 903.074 GC heap before
{Heap before GC invocations=57 (full 0):
 garbage-first heap   total 133120K, used 114429K [0x0000000780000000, 0x0000000800000000)
  region size 1024K, 78 young (79872K), 3 survivors (3072K)
 Metaspace       used 34036K, committed 34432K, reserved 1114112K
  class space    used 4342K, committed 4544K, reserved 1048576K
}
Event: 903.079 GC heap after
{Heap after GC invocations=58 (full 0):
 garbage-first heap   total 133120K, used 39185K [0x0000000780000000, 0x0000000800000000)
  region size 1024K, 2 young (2048K), 2 survivors (2048K)
 Metaspace       used 34036K, committed 34432K, reserved 1114112K
  class space    used 4342K, committed 4544K, reserved 1048576K
}

