# JRE version: OpenJDK Runtime Environment (21.0.2+13) (build 21.0.2+13-58)
# Java VM: OpenJDK 64-Bit Server VM (21.0.2+13-58, mixed mode, sharing, tiered, compressed oops, compressed class ptrs, g1 gc, bsd-aarch64)
Heap:
 garbage-first heap   total 109568K, used 96872K [0x0000000780000000, 0x0000000800000000)
  region size 1024K, 40 young (40960K), 8 survivors (8192K)
 Metaspace       used 35097K, committed 35520K, reserved 1114112K
  class space    used 4344K, committed 4544K, reserved 1048576K
GC Heap History (6 events):
Event: 0.352 GC heap before
{Heap before GC invocations=0 (full 0):
 garbage-first heap   total 133120K, used 25612K [0x0000000780000000, 0x0000000800000000)
  region size 1024K, 23 young (23552K), 0 survivors (0K)
 Metaspace       used 5519K, committed 5696K, reserved 1114112K
  class space    used 493K, committed 576K, reserved 1048576K
}
Event: 0.353 GC heap after
{Heap after GC invocations=1 (full 0):
 garbage-first heap   total 133120K, used 5496K [0x0000000780000000, 0x0000000800000000)
  region size 1024K, 3 young (3072K), 3 survivors (3072K)
 Metaspace       used 5519K, committed 5696K, reserved 1114112K
  class space    used 493K, committed 576K, reserved 1048576K
}
Event: 0.892 GC heap before
{Heap before GC invocations=1 (full 0):
 garbage-first heap   total 133120K, used 47480K [0x0000000780000000, 0x0000000800000000)
  region size 1024K, 45 young (46080K), 3 survivors (3072K)
 Metaspace       used 14978K, committed 15296K, reserved 1114112K
  class space    used 2098K, committed 2240K, reserved 1048576K
}
Event: 0.895 GC heap after
{Heap after GC invocations=2 (full 0):
 garbage-first heap   total 133120K, used 9801K [0x0000000780000000, 0x0000000800000000)
  region size 1024K, 6 young (6144K), 6 survivors (6144K)
 Metaspace       used 14978K, committed 15296K, reserved 1114112K
  class space    used 2098K, committed 2240K, reserved 1048576K
}
Event: 1.079 GC heap before
{Heap before GC invocations=2 (full 0):
 garbage-first heap   total 133120K, used 51785K [0x0000000780000000, 0x0000000800000000)
  region size 1024K, 33 young (33792K), 6 survivors (6144K)
 Metaspace       used 21134K, committed 21568K, reserved 1114112K
  class space    used 2842K, committed 3008K, reserved 1048576K
}
Event: 1.083 GC heap after
{Heap after GC invocations=3 (full 0):
 garbage-first heap   total 133120K, used 28119K [0x0000000780000000, 0x0000000800000000)
  region size 1024K, 8 young (8192K), 8 survivors (8192K)
 Metaspace       used 21134K, committed 21568K, reserved 1114112K
  class space    used 2842K, committed 3008K, reserved 1048576K
}

